<?xml version="1.0" encoding="UTF-8"?>
<testng-results ignored="0" total="1" passed="1" failed="0" skipped="0">
  <reporter-output>
  </reporter-output>
  <suite started-at="2021-02-12T18:22:09 IST" name="Default suite" finished-at="2021-02-12T18:22:09 IST" duration-ms="88">
    <groups>
    </groups>
    <test started-at="2021-02-12T18:22:09 IST" name="Default test" finished-at="2021-02-12T18:22:09 IST" duration-ms="88">
      <class name="com.w2a.rough.TestCase">
        <test-method signature="readPropertiesFile()[pri:0, instance:com.w2a.rough.TestCase@25641d39]" started-at="2021-02-12T18:22:09 IST" name="readPropertiesFile" finished-at="2021-02-12T18:22:09 IST" duration-ms="17" status="PASS">
          <reporter-output>
          </reporter-output>
        </test-method> <!-- readPropertiesFile -->
      </class> <!-- com.w2a.rough.TestCase -->
    </test> <!-- Default test -->
  </suite> <!-- Default suite -->
</testng-results>
