<?xml version="1.0" encoding="UTF-8"?>
<testng-results ignored="0" total="2" passed="2" failed="0" skipped="0">
  <reporter-output>
  </reporter-output>
  <suite started-at="2021-02-12T17:45:30 IST" name="Default suite" finished-at="2021-02-12T17:46:18 IST" duration-ms="48130">
    <groups>
    </groups>
    <test started-at="2021-02-12T17:45:30 IST" name="Default test" finished-at="2021-02-12T17:46:18 IST" duration-ms="48130">
      <class name="com.w2a.rough.TestCase">
        <test-method signature="demoTest()[pri:0, instance:com.w2a.rough.TestCase@41a0aa7d]" started-at="2021-02-12T17:45:30 IST" name="demoTest" finished-at="2021-02-12T17:45:51 IST" duration-ms="20628" status="PASS">
          <reporter-output>
          </reporter-output>
        </test-method> <!-- demoTest -->
        <test-method is-config="true" signature="tearDown()[pri:0, instance:com.w2a.rough.TestCase@41a0aa7d]" started-at="2021-02-12T17:45:51 IST" name="tearDown" finished-at="2021-02-12T17:45:59 IST" duration-ms="7883" status="PASS">
          <reporter-output>
          </reporter-output>
        </test-method> <!-- tearDown -->
        <test-method signature="demoTest2()[pri:0, instance:com.w2a.rough.TestCase@41a0aa7d]" started-at="2021-02-12T17:45:59 IST" name="demoTest2" finished-at="2021-02-12T17:46:17 IST" duration-ms="18568" status="PASS">
          <reporter-output>
          </reporter-output>
        </test-method> <!-- demoTest2 -->
        <test-method is-config="true" signature="tearDown()[pri:0, instance:com.w2a.rough.TestCase@41a0aa7d]" started-at="2021-02-12T17:46:17 IST" name="tearDown" finished-at="2021-02-12T17:46:18 IST" duration-ms="986" status="PASS">
          <reporter-output>
          </reporter-output>
        </test-method> <!-- tearDown -->
      </class> <!-- com.w2a.rough.TestCase -->
    </test> <!-- Default test -->
  </suite> <!-- Default suite -->
</testng-results>
